j:\repos\yaragui\build\x64\release\moc_main_window.obj
j:\repos\yaragui\build\x64\release\moc_asio_events.obj
j:\repos\yaragui\build\x64\release\file_stats.obj
j:\repos\yaragui\build\x64\release\stats_calculator.obj
j:\repos\yaragui\build\x64\release\gfx_renderer.obj
j:\repos\yaragui\build\x64\release\about_window.obj
j:\repos\yaragui\build\x64\release\compile_window.obj
j:\repos\yaragui\build\x64\release\rule_window.obj
j:\repos\yaragui\build\x64\release\match_panel.obj
j:\repos\yaragui\build\x64\release\target_panel.obj
j:\repos\yaragui\build\x64\release\main_window.obj
j:\repos\yaragui\build\x64\release\scanner_rule.obj
j:\repos\yaragui\build\x64\release\scanner.obj
j:\repos\yaragui\build\x64\release\ruleset_view.obj
j:\repos\yaragui\build\x64\release\ruleset.obj
j:\repos\yaragui\build\x64\release\ruleset_manager.obj
j:\repos\yaragui\build\x64\release\settings.obj
j:\repos\yaragui\build\x64\release\main_controller.obj
j:\repos\yaragui\build\x64\release\asio_events.obj
j:\repos\yaragui\build\x64\release\main.obj
j:\repos\yaragui\build\x64\release\qrc_resources.obj
j:\repos\yaragui\build\x64\release\moc_about_window.obj
j:\repos\yaragui\build\x64\release\moc_compile_window.obj
j:\repos\yaragui\build\x64\release\moc_rule_window.obj
j:\repos\yaragui\build\x64\release\moc_match_panel.obj
j:\repos\yaragui\build\x64\release\moc_target_panel.obj
j:\repos\yaragui\build\src\moc_asio_events.cpp
j:\repos\yaragui\build\src\moc_main_window.cpp
j:\repos\yaragui\build\src\moc_target_panel.cpp
j:\repos\yaragui\build\src\moc_match_panel.cpp
j:\repos\yaragui\build\src\moc_rule_window.cpp
j:\repos\yaragui\build\src\moc_compile_window.cpp
j:\repos\yaragui\build\src\moc_about_window.cpp
j:\repos\yaragui\build\ui_main_window.h
j:\repos\yaragui\build\ui_target_panel.h
j:\repos\yaragui\build\ui_match_panel.h
j:\repos\yaragui\build\ui_rule_window.h
j:\repos\yaragui\build\ui_compile_window.h
j:\repos\yaragui\build\ui_about_window.h
j:\repos\yaragui\build\qrc_resources.cpp
j:\repos\yaragui\build\cmakefiles\generate.stamp
j:\repos\yaragui\build\x64\release\yaragui.tlog\cl.command.1.tlog
j:\repos\yaragui\build\x64\release\yaragui.tlog\cl.read.1.tlog
j:\repos\yaragui\build\x64\release\yaragui.tlog\cl.write.1.tlog
j:\repos\yaragui\build\x64\release\yaragui.tlog\custombuild.command.1.tlog
j:\repos\yaragui\build\x64\release\yaragui.tlog\custombuild.read.1.tlog
j:\repos\yaragui\build\x64\release\yaragui.tlog\custombuild.write.1.tlog
j:\repos\yaragui\build\x64\release\yaragui.tlog\link-cvtres.read.1.tlog
j:\repos\yaragui\build\x64\release\yaragui.tlog\link-cvtres.write.1.tlog
j:\repos\yaragui\build\x64\release\yaragui.tlog\link-rc.read.1.tlog
j:\repos\yaragui\build\x64\release\yaragui.tlog\link-rc.write.1.tlog
j:\repos\yaragui\build\x64\release\yaragui.tlog\link.command.1.tlog
j:\repos\yaragui\build\x64\release\yaragui.tlog\link.read.1.tlog
j:\repos\yaragui\build\x64\release\yaragui.tlog\link.write.1.tlog
