j:\repos\yaragui\build\x64\debug\vc141.pdb
j:\repos\yaragui\build\x64\debug\moc_main_window.obj
j:\repos\yaragui\build\x64\debug\moc_asio_events.obj
j:\repos\yaragui\build\x64\debug\file_stats.obj
j:\repos\yaragui\build\x64\debug\stats_calculator.obj
j:\repos\yaragui\build\x64\debug\gfx_renderer.obj
j:\repos\yaragui\build\x64\debug\about_window.obj
j:\repos\yaragui\build\x64\debug\compile_window.obj
j:\repos\yaragui\build\x64\debug\rule_window.obj
j:\repos\yaragui\build\x64\debug\match_panel.obj
j:\repos\yaragui\build\x64\debug\target_panel.obj
j:\repos\yaragui\build\x64\debug\main_window.obj
j:\repos\yaragui\build\x64\debug\scanner_rule.obj
j:\repos\yaragui\build\x64\debug\scanner.obj
j:\repos\yaragui\build\x64\debug\ruleset_view.obj
j:\repos\yaragui\build\x64\debug\ruleset.obj
j:\repos\yaragui\build\x64\debug\ruleset_manager.obj
j:\repos\yaragui\build\x64\debug\settings.obj
j:\repos\yaragui\build\x64\debug\main_controller.obj
j:\repos\yaragui\build\x64\debug\asio_events.obj
j:\repos\yaragui\build\x64\debug\main.obj
j:\repos\yaragui\build\x64\debug\qrc_resources.obj
j:\repos\yaragui\build\x64\debug\moc_about_window.obj
j:\repos\yaragui\build\x64\debug\moc_compile_window.obj
j:\repos\yaragui\build\x64\debug\moc_rule_window.obj
j:\repos\yaragui\build\x64\debug\moc_match_panel.obj
j:\repos\yaragui\build\x64\debug\moc_target_panel.obj
j:\repos\yaragui\build\src\moc_asio_events.cpp
j:\repos\yaragui\build\src\moc_main_window.cpp
j:\repos\yaragui\build\src\moc_target_panel.cpp
j:\repos\yaragui\build\src\moc_match_panel.cpp
j:\repos\yaragui\build\src\moc_rule_window.cpp
j:\repos\yaragui\build\src\moc_compile_window.cpp
j:\repos\yaragui\build\src\moc_about_window.cpp
j:\repos\yaragui\build\ui_main_window.h
j:\repos\yaragui\build\ui_target_panel.h
j:\repos\yaragui\build\ui_match_panel.h
j:\repos\yaragui\build\ui_rule_window.h
j:\repos\yaragui\build\ui_compile_window.h
j:\repos\yaragui\build\ui_about_window.h
j:\repos\yaragui\build\qrc_resources.cpp
j:\repos\yaragui\build\cmakefiles\generate.stamp
j:\repos\yaragui\build\x64\debug\yaragui.ilk
j:\repos\yaragui\build\x64\debug\yaragui.exe
j:\repos\yaragui\build\debug\yaragui.pdb
j:\repos\yaragui\build\x64\debug\yaragui.tlog\cl.command.1.tlog
j:\repos\yaragui\build\x64\debug\yaragui.tlog\cl.read.1.tlog
j:\repos\yaragui\build\x64\debug\yaragui.tlog\cl.write.1.tlog
j:\repos\yaragui\build\x64\debug\yaragui.tlog\custombuild.command.1.tlog
j:\repos\yaragui\build\x64\debug\yaragui.tlog\custombuild.read.1.tlog
j:\repos\yaragui\build\x64\debug\yaragui.tlog\custombuild.write.1.tlog
j:\repos\yaragui\build\x64\debug\yaragui.tlog\link.command.1.tlog
j:\repos\yaragui\build\x64\debug\yaragui.tlog\link.read.1.tlog
j:\repos\yaragui\build\x64\debug\yaragui.tlog\link.write.1.tlog
